[0m23:53:15.220014 [debug] [MainThread]: Sending event: {'category': 'dbt', 'action': 'invocation', 'label': 'start', 'context': [<snowplow_tracker.self_describing_json.SelfDescribingJson object at 0x734ffba436e0>, <snowplow_tracker.self_describing_json.SelfDescribingJson object at 0x734ffb74ae40>, <snowplow_tracker.self_describing_json.SelfDescribingJson object at 0x734ffba419d0>]}


============================== 23:53:15.226687 | 483cf446-3d05-4405-bb29-ae5ca7ce88d8 ==============================
[0m23:53:15.226687 [info ] [MainThread]: Running with dbt=1.9.0
[0m23:53:15.227190 [debug] [MainThread]: running dbt with arguments {'printer_width': '80', 'indirect_selection': 'eager', 'log_cache_events': 'False', 'write_json': 'True', 'partial_parse': 'True', 'cache_selected_only': 'False', 'warn_error': 'None', 'fail_fast': 'False', 'debug': 'False', 'log_path': 'logs', 'version_check': 'True', 'profiles_dir': '/root/.dbt', 'use_colors': 'True', 'use_experimental_parser': 'False', 'no_print': 'None', 'quiet': 'False', 'empty': 'None', 'warn_error_options': 'WarnErrorOptions(include=[], exclude=[])', 'invocation_command': 'dbt init my_project', 'log_format': 'default', 'introspect': 'True', 'target_path': 'None', 'static_parser': 'True', 'send_anonymous_usage_stats': 'True'}
[0m23:53:15.270176 [warn ] [MainThread]: [ConfigFolderDirectory]: Unable to parse logging event dictionary. Failed to parse dir field: expected string or bytes-like object, got 'PosixPath'.. Dictionary: {'dir': PosixPath('/root/.dbt')}
[0m23:53:15.270692 [info ] [MainThread]: Creating dbt configuration folder at 
[0m23:53:15.273079 [debug] [MainThread]: Starter project path: /usr/local/lib/python3.12/site-packages/dbt/include/starter_project
[0m23:53:15.279371 [info ] [MainThread]: 
Your new dbt project "my_project" was created!

For more information on how to configure the profiles.yml file,
please consult the dbt documentation here:

  https://docs.getdbt.com/docs/configure-your-profile

One more thing:

Need help? Don't hesitate to reach out to us via GitHub issues or on Slack:

  https://community.getdbt.com/

Happy modeling!

[0m23:53:15.279703 [info ] [MainThread]: Setting up your profile.
[0m23:54:29.299144 [info ] [MainThread]: Profile my_project written to /root/.dbt/profiles.yml using target's profile_template.yml and your supplied values. Run 'dbt debug' to validate the connection.
[0m23:54:29.300877 [debug] [MainThread]: Resource report: {"command_name": "init", "command_success": true, "command_wall_clock_time": 72.929825, "process_in_blocks": "0", "process_kernel_time": 0.355872, "process_mem_max_rss": "92968", "process_out_blocks": "1544", "process_user_time": 1.159758}
[0m23:54:29.301475 [debug] [MainThread]: Command `dbt init` succeeded at 23:54:29.301375 after 72.93 seconds
[0m23:54:29.301957 [debug] [MainThread]: Sending event: {'category': 'dbt', 'action': 'invocation', 'label': 'end', 'context': [<snowplow_tracker.self_describing_json.SelfDescribingJson object at 0x734ffb5180e0>, <snowplow_tracker.self_describing_json.SelfDescribingJson object at 0x734ffb9c75c0>, <snowplow_tracker.self_describing_json.SelfDescribingJson object at 0x734ffb93eab0>]}
[0m23:54:29.302355 [debug] [MainThread]: Flushing usage events
[0m23:54:29.647647 [debug] [MainThread]: An error was encountered while trying to flush usage events
[0m23:55:41.924606 [debug] [MainThread]: Sending event: {'category': 'dbt', 'action': 'invocation', 'label': 'start', 'context': [<snowplow_tracker.self_describing_json.SelfDescribingJson object at 0x7477013fb320>, <snowplow_tracker.self_describing_json.SelfDescribingJson object at 0x747703f79c10>, <snowplow_tracker.self_describing_json.SelfDescribingJson object at 0x7477010c0bc0>]}


============================== 23:55:41.931878 | 197b7f94-74c0-4461-a9d3-8421a197d231 ==============================
[0m23:55:41.931878 [info ] [MainThread]: Running with dbt=1.9.0
[0m23:55:41.932546 [debug] [MainThread]: running dbt with arguments {'printer_width': '80', 'indirect_selection': 'eager', 'log_cache_events': 'False', 'write_json': 'True', 'partial_parse': 'True', 'cache_selected_only': 'False', 'warn_error': 'None', 'fail_fast': 'False', 'profiles_dir': '/root/.dbt', 'log_path': 'logs', 'debug': 'False', 'version_check': 'True', 'use_colors': 'True', 'use_experimental_parser': 'False', 'empty': 'None', 'quiet': 'False', 'no_print': 'None', 'warn_error_options': 'WarnErrorOptions(include=[], exclude=[])', 'static_parser': 'True', 'introspect': 'True', 'invocation_command': 'dbt init my_project', 'target_path': 'None', 'log_format': 'default', 'send_anonymous_usage_stats': 'True'}
[0m23:55:41.991401 [warn ] [MainThread]: [ConfigFolderDirectory]: Unable to parse logging event dictionary. Failed to parse dir field: expected string or bytes-like object, got 'PosixPath'.. Dictionary: {'dir': PosixPath('/root/.dbt')}
[0m23:55:41.991964 [info ] [MainThread]: Creating dbt configuration folder at 
[0m23:55:41.994264 [info ] [MainThread]: A project called my_project already exists here.
[0m23:55:41.995277 [debug] [MainThread]: Resource report: {"command_name": "init", "command_success": true, "command_wall_clock_time": 0.11762395, "process_in_blocks": "0", "process_kernel_time": 0.369655, "process_mem_max_rss": "87196", "process_out_blocks": "1480", "process_user_time": 1.312074}
[0m23:55:41.995780 [debug] [MainThread]: Command `dbt init` succeeded at 23:55:41.995669 after 0.12 seconds
[0m23:55:41.996082 [debug] [MainThread]: Sending event: {'category': 'dbt', 'action': 'invocation', 'label': 'end', 'context': [<snowplow_tracker.self_describing_json.SelfDescribingJson object at 0x7477030b38c0>, <snowplow_tracker.self_describing_json.SelfDescribingJson object at 0x7477014cfda0>, <snowplow_tracker.self_describing_json.SelfDescribingJson object at 0x747702e34740>]}
[0m23:55:41.996461 [debug] [MainThread]: Flushing usage events
[0m23:55:42.349090 [debug] [MainThread]: An error was encountered while trying to flush usage events
